\BOOKMARK [0][-]{chapter.1}{\376\377\0001\000\040\000N\000a\000m\000e\000s\000p\000a\000c\000e\000\040\000I\000n\000d\000e\000x}{}% 1
\BOOKMARK [1][-]{section.1.1}{\376\377\0001\000.\0001\000\040\000N\000a\000m\000e\000s\000p\000a\000c\000e\000\040\000L\000i\000s\000t}{chapter.1}% 2
\BOOKMARK [0][-]{chapter.2}{\376\377\0002\000\040\000H\000i\000e\000r\000a\000r\000c\000h\000i\000c\000a\000l\000\040\000I\000n\000d\000e\000x}{}% 3
\BOOKMARK [1][-]{section.2.1}{\376\377\0002\000.\0001\000\040\000C\000l\000a\000s\000s\000\040\000H\000i\000e\000r\000a\000r\000c\000h\000y}{chapter.2}% 4
\BOOKMARK [0][-]{chapter.3}{\376\377\0003\000\040\000C\000l\000a\000s\000s\000\040\000I\000n\000d\000e\000x}{}% 5
\BOOKMARK [1][-]{section.3.1}{\376\377\0003\000.\0001\000\040\000C\000l\000a\000s\000s\000\040\000L\000i\000s\000t}{chapter.3}% 6
\BOOKMARK [0][-]{chapter.4}{\376\377\0004\000\040\000N\000a\000m\000e\000s\000p\000a\000c\000e\000\040\000D\000o\000c\000u\000m\000e\000n\000t\000a\000t\000i\000o\000n}{}% 7
\BOOKMARK [1][-]{section.4.1}{\376\377\0004\000.\0001\000\040\000g\000t\000e\000s\000t\000\137\000l\000i\000t\000e\000\040\000N\000a\000m\000e\000s\000p\000a\000c\000e\000\040\000R\000e\000f\000e\000r\000e\000n\000c\000e}{chapter.4}% 8
\BOOKMARK [2][-]{subsection.4.1.1}{\376\377\0004\000.\0001\000.\0001\000\040\000D\000e\000t\000a\000i\000l\000e\000d\000\040\000D\000e\000s\000c\000r\000i\000p\000t\000i\000o\000n}{section.4.1}% 9
\BOOKMARK [2][-]{subsection.4.1.2}{\376\377\0004\000.\0001\000.\0002\000\040\000F\000u\000n\000c\000t\000i\000o\000n\000\040\000D\000o\000c\000u\000m\000e\000n\000t\000a\000t\000i\000o\000n}{section.4.1}% 10
\BOOKMARK [3][-]{subsubsection.4.1.2.1}{\376\377\0004\000.\0001\000.\0002\000.\0001\000\040\000a\000l\000m\000o\000s\000t\000E\000Q\000\050\000\051}{subsection.4.1.2}% 11
\BOOKMARK [3][-]{subsubsection.4.1.2.2}{\376\377\0004\000.\0001\000.\0002\000.\0002\000\040\000e\000q\000\050\000\051}{subsection.4.1.2}% 12
\BOOKMARK [3][-]{subsubsection.4.1.2.3}{\376\377\0004\000.\0001\000.\0002\000.\0003\000\040\000e\000q\000s\000t\000r\000\050\000\051}{subsection.4.1.2}% 13
\BOOKMARK [3][-]{subsubsection.4.1.2.4}{\376\377\0004\000.\0001\000.\0002\000.\0004\000\040\000E\000X\000P\000E\000C\000T\000\137\000\050\000\051\000\040\000[\0001\000/\0002\000]}{subsection.4.1.2}% 14
\BOOKMARK [3][-]{subsubsection.4.1.2.5}{\376\377\0004\000.\0001\000.\0002\000.\0005\000\040\000E\000X\000P\000E\000C\000T\000\137\000\050\000\051\000\040\000[\0002\000/\0002\000]}{subsection.4.1.2}% 15
\BOOKMARK [3][-]{subsubsection.4.1.2.6}{\376\377\0004\000.\0001\000.\0002\000.\0006\000\040\000E\000X\000P\000E\000C\000T\000S\000T\000R\000\050\000\051}{subsection.4.1.2}% 16
\BOOKMARK [3][-]{subsubsection.4.1.2.7}{\376\377\0004\000.\0001\000.\0002\000.\0007\000\040\000g\000e\000\050\000\051}{subsection.4.1.2}% 17
\BOOKMARK [3][-]{subsubsection.4.1.2.8}{\376\377\0004\000.\0001\000.\0002\000.\0008\000\040\000g\000t\000\050\000\051}{subsection.4.1.2}% 18
\BOOKMARK [3][-]{subsubsection.4.1.2.9}{\376\377\0004\000.\0001\000.\0002\000.\0009\000\040\000l\000e\000\050\000\051}{subsection.4.1.2}% 19
\BOOKMARK [3][-]{subsubsection.4.1.2.10}{\376\377\0004\000.\0001\000.\0002\000.\0001\0000\000\040\000l\000t\000\050\000\051}{subsection.4.1.2}% 20
\BOOKMARK [3][-]{subsubsection.4.1.2.11}{\376\377\0004\000.\0001\000.\0002\000.\0001\0001\000\040\000n\000e\000\050\000\051}{subsection.4.1.2}% 21
\BOOKMARK [3][-]{subsubsection.4.1.2.12}{\376\377\0004\000.\0001\000.\0002\000.\0001\0002\000\040\000n\000e\000s\000t\000r\000\050\000\051}{subsection.4.1.2}% 22
\BOOKMARK [0][-]{chapter.5}{\376\377\0005\000\040\000C\000l\000a\000s\000s\000\040\000D\000o\000c\000u\000m\000e\000n\000t\000a\000t\000i\000o\000n}{}% 23
\BOOKMARK [1][-]{section.5.1}{\376\377\0005\000.\0001\000\040\000\137\000I\000s\000\137\000T\000y\000p\000e\000s\000<\000\040\000F\000,\000\040\000T\000\040\000>\000\040\000S\000t\000r\000u\000c\000t\000\040\000T\000e\000m\000p\000l\000a\000t\000e\000\040\000R\000e\000f\000e\000r\000e\000n\000c\000e}{chapter.5}% 24
\BOOKMARK [2][-]{subsection.5.1.1}{\376\377\0005\000.\0001\000.\0001\000\040\000D\000e\000t\000a\000i\000l\000e\000d\000\040\000D\000e\000s\000c\000r\000i\000p\000t\000i\000o\000n}{section.5.1}% 25
\BOOKMARK [2][-]{subsection.5.1.2}{\376\377\0005\000.\0001\000.\0002\000\040\000M\000e\000m\000b\000e\000r\000\040\000F\000u\000n\000c\000t\000i\000o\000n\000\040\000D\000o\000c\000u\000m\000e\000n\000t\000a\000t\000i\000o\000n}{section.5.1}% 26
\BOOKMARK [3][-]{subsubsection.5.1.2.1}{\376\377\0005\000.\0001\000.\0002\000.\0001\000\040\000f\000\050\000\051\000\040\000[\0001\000/\0002\000]}{subsection.5.1.2}% 27
\BOOKMARK [3][-]{subsubsection.5.1.2.2}{\376\377\0005\000.\0001\000.\0002\000.\0002\000\040\000f\000\050\000\051\000\040\000[\0002\000/\0002\000]}{subsection.5.1.2}% 28
\BOOKMARK [2][-]{subsection.5.1.3}{\376\377\0005\000.\0001\000.\0003\000\040\000M\000e\000m\000b\000e\000r\000\040\000D\000a\000t\000a\000\040\000D\000o\000c\000u\000m\000e\000n\000t\000a\000t\000i\000o\000n}{section.5.1}% 29
\BOOKMARK [3][-]{subsubsection.5.1.3.1}{\376\377\0005\000.\0001\000.\0003\000.\0001\000\040\000c\000o\000n\000v\000e\000r\000t\000a\000b\000l\000e}{subsection.5.1.3}% 30
\BOOKMARK [1][-]{section.5.2}{\376\377\0005\000.\0002\000\040\000A\000t\000t\000r\000i\000b\000u\000t\000e\000C\000h\000e\000c\000k\000<\000\040\000C\000\040\000>\000\040\000C\000l\000a\000s\000s\000\040\000T\000e\000m\000p\000l\000a\000t\000e\000\040\000R\000e\000f\000e\000r\000e\000n\000c\000e}{chapter.5}% 31
\BOOKMARK [2][-]{subsection.5.2.1}{\376\377\0005\000.\0002\000.\0001\000\040\000D\000e\000t\000a\000i\000l\000e\000d\000\040\000D\000e\000s\000c\000r\000i\000p\000t\000i\000o\000n}{section.5.2}% 32
\BOOKMARK [2][-]{subsection.5.2.2}{\376\377\0005\000.\0002\000.\0002\000\040\000C\000o\000n\000s\000t\000r\000u\000c\000t\000o\000r\000\040\000\046\000\040\000D\000e\000s\000t\000r\000u\000c\000t\000o\000r\000\040\000D\000o\000c\000u\000m\000e\000n\000t\000a\000t\000i\000o\000n}{section.5.2}% 33
\BOOKMARK [3][-]{subsubsection.5.2.2.1}{\376\377\0005\000.\0002\000.\0002\000.\0001\000\040\000A\000t\000t\000r\000i\000b\000u\000t\000e\000C\000h\000e\000c\000k\000\050\000\051}{subsection.5.2.2}% 34
\BOOKMARK [2][-]{subsection.5.2.3}{\376\377\0005\000.\0002\000.\0003\000\040\000M\000e\000m\000b\000e\000r\000\040\000F\000u\000n\000c\000t\000i\000o\000n\000\040\000D\000o\000c\000u\000m\000e\000n\000t\000a\000t\000i\000o\000n}{section.5.2}% 35
\BOOKMARK [3][-]{subsubsection.5.2.3.1}{\376\377\0005\000.\0002\000.\0003\000.\0001\000\040\000o\000p\000e\000r\000a\000t\000o\000r\000\050\000\051\000\050\000\051\000\040\000[\0001\000/\0002\000]}{subsection.5.2.3}% 36
\BOOKMARK [3][-]{subsubsection.5.2.3.2}{\376\377\0005\000.\0002\000.\0003\000.\0002\000\040\000o\000p\000e\000r\000a\000t\000o\000r\000\050\000\051\000\050\000\051\000\040\000[\0002\000/\0002\000]}{subsection.5.2.3}% 37
\BOOKMARK [1][-]{section.5.3}{\376\377\0005\000.\0003\000\040\000E\000n\000e\000m\000y\000\040\000C\000l\000a\000s\000s\000\040\000R\000e\000f\000e\000r\000e\000n\000c\000e}{chapter.5}% 38
\BOOKMARK [2][-]{subsection.5.3.1}{\376\377\0005\000.\0003\000.\0001\000\040\000D\000e\000t\000a\000i\000l\000e\000d\000\040\000D\000e\000s\000c\000r\000i\000p\000t\000i\000o\000n}{section.5.3}% 39
\BOOKMARK [2][-]{subsection.5.3.2}{\376\377\0005\000.\0003\000.\0002\000\040\000C\000o\000n\000s\000t\000r\000u\000c\000t\000o\000r\000\040\000\046\000\040\000D\000e\000s\000t\000r\000u\000c\000t\000o\000r\000\040\000D\000o\000c\000u\000m\000e\000n\000t\000a\000t\000i\000o\000n}{section.5.3}% 40
\BOOKMARK [3][-]{subsubsection.5.3.2.1}{\376\377\0005\000.\0003\000.\0002\000.\0001\000\040\000E\000n\000e\000m\000y\000\050\000\051\000\040\000[\0001\000/\0002\000]}{subsection.5.3.2}% 41
\BOOKMARK [3][-]{subsubsection.5.3.2.2}{\376\377\0005\000.\0003\000.\0002\000.\0002\000\040\000E\000n\000e\000m\000y\000\050\000\051\000\040\000[\0002\000/\0002\000]}{subsection.5.3.2}% 42
\BOOKMARK [3][-]{subsubsection.5.3.2.3}{\376\377\0005\000.\0003\000.\0002\000.\0003\000\040\000\040\000E\000n\000e\000m\000y\000\050\000\051}{subsection.5.3.2}% 43
\BOOKMARK [2][-]{subsection.5.3.3}{\376\377\0005\000.\0003\000.\0003\000\040\000M\000e\000m\000b\000e\000r\000\040\000F\000u\000n\000c\000t\000i\000o\000n\000\040\000D\000o\000c\000u\000m\000e\000n\000t\000a\000t\000i\000o\000n}{section.5.3}% 44
\BOOKMARK [3][-]{subsubsection.5.3.3.1}{\376\377\0005\000.\0003\000.\0003\000.\0001\000\040\000a\000t\000t\000a\000c\000k\000P\000l\000a\000y\000e\000r\000\050\000\051}{subsection.5.3.3}% 45
\BOOKMARK [3][-]{subsubsection.5.3.3.2}{\376\377\0005\000.\0003\000.\0003\000.\0002\000\040\000g\000e\000t\000I\000n\000f\000o\000E\000n\000t\000i\000t\000y\000\050\000\051}{subsection.5.3.3}% 46
\BOOKMARK [1][-]{section.5.4}{\376\377\0005\000.\0004\000\040\000E\000n\000t\000i\000t\000y\000\040\000C\000l\000a\000s\000s\000\040\000R\000e\000f\000e\000r\000e\000n\000c\000e}{chapter.5}% 47
\BOOKMARK [2][-]{subsection.5.4.1}{\376\377\0005\000.\0004\000.\0001\000\040\000D\000e\000t\000a\000i\000l\000e\000d\000\040\000D\000e\000s\000c\000r\000i\000p\000t\000i\000o\000n}{section.5.4}% 48
\BOOKMARK [2][-]{subsection.5.4.2}{\376\377\0005\000.\0004\000.\0002\000\040\000C\000o\000n\000s\000t\000r\000u\000c\000t\000o\000r\000\040\000\046\000\040\000D\000e\000s\000t\000r\000u\000c\000t\000o\000r\000\040\000D\000o\000c\000u\000m\000e\000n\000t\000a\000t\000i\000o\000n}{section.5.4}% 49
\BOOKMARK [3][-]{subsubsection.5.4.2.1}{\376\377\0005\000.\0004\000.\0002\000.\0001\000\040\000E\000n\000t\000i\000t\000y\000\050\000\051\000\040\000[\0001\000/\0002\000]}{subsection.5.4.2}% 50
\BOOKMARK [3][-]{subsubsection.5.4.2.2}{\376\377\0005\000.\0004\000.\0002\000.\0002\000\040\000E\000n\000t\000i\000t\000y\000\050\000\051\000\040\000[\0002\000/\0002\000]}{subsection.5.4.2}% 51
\BOOKMARK [3][-]{subsubsection.5.4.2.3}{\376\377\0005\000.\0004\000.\0002\000.\0003\000\040\000\040\000E\000n\000t\000i\000t\000y\000\050\000\051}{subsection.5.4.2}% 52
\BOOKMARK [2][-]{subsection.5.4.3}{\376\377\0005\000.\0004\000.\0003\000\040\000M\000e\000m\000b\000e\000r\000\040\000F\000u\000n\000c\000t\000i\000o\000n\000\040\000D\000o\000c\000u\000m\000e\000n\000t\000a\000t\000i\000o\000n}{section.5.4}% 53
\BOOKMARK [3][-]{subsubsection.5.4.3.1}{\376\377\0005\000.\0004\000.\0003\000.\0001\000\040\000g\000e\000t\000B\000a\000s\000e\000D\000E\000F\000\050\000\051}{subsection.5.4.3}% 54
\BOOKMARK [3][-]{subsubsection.5.4.3.2}{\376\377\0005\000.\0004\000.\0003\000.\0002\000\040\000g\000e\000t\000B\000a\000s\000e\000D\000M\000G\000\050\000\051}{subsection.5.4.3}% 55
\BOOKMARK [3][-]{subsubsection.5.4.3.3}{\376\377\0005\000.\0004\000.\0003\000.\0003\000\040\000g\000e\000t\000H\000P\000\050\000\051}{subsection.5.4.3}% 56
\BOOKMARK [3][-]{subsubsection.5.4.3.4}{\376\377\0005\000.\0004\000.\0003\000.\0004\000\040\000g\000e\000t\000I\000n\000f\000o\000E\000n\000t\000i\000t\000y\000\050\000\051}{subsection.5.4.3}% 57
\BOOKMARK [3][-]{subsubsection.5.4.3.5}{\376\377\0005\000.\0004\000.\0003\000.\0005\000\040\000g\000e\000t\000M\000a\000x\000H\000P\000\050\000\051}{subsection.5.4.3}% 58
\BOOKMARK [3][-]{subsubsection.5.4.3.6}{\376\377\0005\000.\0004\000.\0003\000.\0006\000\040\000g\000e\000t\000N\000a\000m\000e\000\050\000\051}{subsection.5.4.3}% 59
\BOOKMARK [3][-]{subsubsection.5.4.3.7}{\376\377\0005\000.\0004\000.\0003\000.\0007\000\040\000s\000e\000t\000H\000P\000\050\000\051}{subsection.5.4.3}% 60
\BOOKMARK [1][-]{section.5.5}{\376\377\0005\000.\0005\000\040\000G\000e\000n\000e\000r\000i\000c\000A\000r\000r\000a\000y\000<\000\040\000C\000\040\000>\000\040\000C\000l\000a\000s\000s\000\040\000T\000e\000m\000p\000l\000a\000t\000e\000\040\000R\000e\000f\000e\000r\000e\000n\000c\000e}{chapter.5}% 61
\BOOKMARK [2][-]{subsection.5.5.1}{\376\377\0005\000.\0005\000.\0001\000\040\000D\000e\000t\000a\000i\000l\000e\000d\000\040\000D\000e\000s\000c\000r\000i\000p\000t\000i\000o\000n}{section.5.5}% 62
\BOOKMARK [2][-]{subsection.5.5.2}{\376\377\0005\000.\0005\000.\0002\000\040\000C\000o\000n\000s\000t\000r\000u\000c\000t\000o\000r\000\040\000\046\000\040\000D\000e\000s\000t\000r\000u\000c\000t\000o\000r\000\040\000D\000o\000c\000u\000m\000e\000n\000t\000a\000t\000i\000o\000n}{section.5.5}% 63
\BOOKMARK [3][-]{subsubsection.5.5.2.1}{\376\377\0005\000.\0005\000.\0002\000.\0001\000\040\000G\000e\000n\000e\000r\000i\000c\000A\000r\000r\000a\000y\000\050\000\051\000\040\000[\0001\000/\0002\000]}{subsection.5.5.2}% 64
\BOOKMARK [3][-]{subsubsection.5.5.2.2}{\376\377\0005\000.\0005\000.\0002\000.\0002\000\040\000G\000e\000n\000e\000r\000i\000c\000A\000r\000r\000a\000y\000\050\000\051\000\040\000[\0002\000/\0002\000]}{subsection.5.5.2}% 65
\BOOKMARK [3][-]{subsubsection.5.5.2.3}{\376\377\0005\000.\0005\000.\0002\000.\0003\000\040\000\040\000G\000e\000n\000e\000r\000i\000c\000A\000r\000r\000a\000y\000\050\000\051}{subsection.5.5.2}% 66
\BOOKMARK [2][-]{subsection.5.5.3}{\376\377\0005\000.\0005\000.\0003\000\040\000M\000e\000m\000b\000e\000r\000\040\000F\000u\000n\000c\000t\000i\000o\000n\000\040\000D\000o\000c\000u\000m\000e\000n\000t\000a\000t\000i\000o\000n}{section.5.5}% 67
\BOOKMARK [3][-]{subsubsection.5.5.3.1}{\376\377\0005\000.\0005\000.\0003\000.\0001\000\040\000a\000d\000d\000\050\000\051}{subsection.5.5.3}% 68
\BOOKMARK [3][-]{subsubsection.5.5.3.2}{\376\377\0005\000.\0005\000.\0003\000.\0002\000\040\000c\000l\000e\000a\000r\000\050\000\051}{subsection.5.5.3}% 69
\BOOKMARK [3][-]{subsubsection.5.5.3.3}{\376\377\0005\000.\0005\000.\0003\000.\0003\000\040\000g\000e\000t\000P\000r\000e\000d\000N\000u\000m\000\050\000\051}{subsection.5.5.3}% 70
\BOOKMARK [3][-]{subsubsection.5.5.3.4}{\376\377\0005\000.\0005\000.\0003\000.\0004\000\040\000g\000e\000t\000S\000i\000z\000e\000\050\000\051}{subsection.5.5.3}% 71
\BOOKMARK [3][-]{subsubsection.5.5.3.5}{\376\377\0005\000.\0005\000.\0003\000.\0005\000\040\000o\000p\000e\000r\000a\000t\000o\000r\000[\000]\000\050\000\051\000\040\000[\0001\000/\0002\000]}{subsection.5.5.3}% 72
\BOOKMARK [3][-]{subsubsection.5.5.3.6}{\376\377\0005\000.\0005\000.\0003\000.\0006\000\040\000o\000p\000e\000r\000a\000t\000o\000r\000[\000]\000\050\000\051\000\040\000[\0002\000/\0002\000]}{subsection.5.5.3}% 73
\BOOKMARK [3][-]{subsubsection.5.5.3.7}{\376\377\0005\000.\0005\000.\0003\000.\0007\000\040\000r\000e\000m\000o\000v\000e\000\050\000\051}{subsection.5.5.3}% 74
\BOOKMARK [1][-]{section.5.6}{\376\377\0005\000.\0006\000\040\000I\000n\000f\000o\000P\000r\000e\000s\000e\000t\000\040\000C\000l\000a\000s\000s\000\040\000R\000e\000f\000e\000r\000e\000n\000c\000e}{chapter.5}% 75
\BOOKMARK [2][-]{subsection.5.6.1}{\376\377\0005\000.\0006\000.\0001\000\040\000D\000e\000t\000a\000i\000l\000e\000d\000\040\000D\000e\000s\000c\000r\000i\000p\000t\000i\000o\000n}{section.5.6}% 76
\BOOKMARK [2][-]{subsection.5.6.2}{\376\377\0005\000.\0006\000.\0002\000\040\000C\000o\000n\000s\000t\000r\000u\000c\000t\000o\000r\000\040\000\046\000\040\000D\000e\000s\000t\000r\000u\000c\000t\000o\000r\000\040\000D\000o\000c\000u\000m\000e\000n\000t\000a\000t\000i\000o\000n}{section.5.6}% 77
\BOOKMARK [3][-]{subsubsection.5.6.2.1}{\376\377\0005\000.\0006\000.\0002\000.\0001\000\040\000I\000n\000f\000o\000P\000r\000e\000s\000e\000t\000\050\000\051}{subsection.5.6.2}% 78
\BOOKMARK [3][-]{subsubsection.5.6.2.2}{\376\377\0005\000.\0006\000.\0002\000.\0002\000\040\000\040\000I\000n\000f\000o\000P\000r\000e\000s\000e\000t\000\050\000\051}{subsection.5.6.2}% 79
\BOOKMARK [2][-]{subsection.5.6.3}{\376\377\0005\000.\0006\000.\0003\000\040\000M\000e\000m\000b\000e\000r\000\040\000D\000a\000t\000a\000\040\000D\000o\000c\000u\000m\000e\000n\000t\000a\000t\000i\000o\000n}{section.5.6}% 80
\BOOKMARK [3][-]{subsubsection.5.6.3.1}{\376\377\0005\000.\0006\000.\0003\000.\0001\000\040\000B\000a\000s\000e\000D\000E\000F}{subsection.5.6.3}% 81
\BOOKMARK [3][-]{subsubsection.5.6.3.2}{\376\377\0005\000.\0006\000.\0003\000.\0002\000\040\000B\000a\000s\000e\000D\000M\000G}{subsection.5.6.3}% 82
\BOOKMARK [3][-]{subsubsection.5.6.3.3}{\376\377\0005\000.\0006\000.\0003\000.\0003\000\040\000D\000i\000s\000p\000l\000a\000y\000N\000u\000m}{subsection.5.6.3}% 83
\BOOKMARK [3][-]{subsubsection.5.6.3.4}{\376\377\0005\000.\0006\000.\0003\000.\0004\000\040\000G\000o\000l\000d}{subsection.5.6.3}% 84
\BOOKMARK [3][-]{subsubsection.5.6.3.5}{\376\377\0005\000.\0006\000.\0003\000.\0005\000\040\000H\000P}{subsection.5.6.3}% 85
\BOOKMARK [3][-]{subsubsection.5.6.3.6}{\376\377\0005\000.\0006\000.\0003\000.\0006\000\040\000I\000t\000e\000m\000s}{subsection.5.6.3}% 86
\BOOKMARK [3][-]{subsubsection.5.6.3.7}{\376\377\0005\000.\0006\000.\0003\000.\0007\000\040\000N\000a\000m\000e}{subsection.5.6.3}% 87
\BOOKMARK [3][-]{subsubsection.5.6.3.8}{\376\377\0005\000.\0006\000.\0003\000.\0008\000\040\000N\000u\000m}{subsection.5.6.3}% 88
\BOOKMARK [3][-]{subsubsection.5.6.3.9}{\376\377\0005\000.\0006\000.\0003\000.\0009\000\040\000P\000r\000e}{subsection.5.6.3}% 89
\BOOKMARK [3][-]{subsubsection.5.6.3.10}{\376\377\0005\000.\0006\000.\0003\000.\0001\0000\000\040\000S\000t\000o\000r\000a\000g\000e}{subsection.5.6.3}% 90
\BOOKMARK [1][-]{section.5.7}{\376\377\0005\000.\0007\000\040\000I\000t\000e\000m\000\040\000C\000l\000a\000s\000s\000\040\000R\000e\000f\000e\000r\000e\000n\000c\000e}{chapter.5}% 91
\BOOKMARK [2][-]{subsection.5.7.1}{\376\377\0005\000.\0007\000.\0001\000\040\000D\000e\000t\000a\000i\000l\000e\000d\000\040\000D\000e\000s\000c\000r\000i\000p\000t\000i\000o\000n}{section.5.7}% 92
\BOOKMARK [2][-]{subsection.5.7.2}{\376\377\0005\000.\0007\000.\0002\000\040\000C\000o\000n\000s\000t\000r\000u\000c\000t\000o\000r\000\040\000\046\000\040\000D\000e\000s\000t\000r\000u\000c\000t\000o\000r\000\040\000D\000o\000c\000u\000m\000e\000n\000t\000a\000t\000i\000o\000n}{section.5.7}% 93
\BOOKMARK [3][-]{subsubsection.5.7.2.1}{\376\377\0005\000.\0007\000.\0002\000.\0001\000\040\000I\000t\000e\000m\000\050\000\051}{subsection.5.7.2}% 94
\BOOKMARK [3][-]{subsubsection.5.7.2.2}{\376\377\0005\000.\0007\000.\0002\000.\0002\000\040\000\040\000I\000t\000e\000m\000\050\000\051}{subsection.5.7.2}% 95
\BOOKMARK [2][-]{subsection.5.7.3}{\376\377\0005\000.\0007\000.\0003\000\040\000M\000e\000m\000b\000e\000r\000\040\000F\000u\000n\000c\000t\000i\000o\000n\000\040\000D\000o\000c\000u\000m\000e\000n\000t\000a\000t\000i\000o\000n}{section.5.7}% 96
\BOOKMARK [3][-]{subsubsection.5.7.3.1}{\376\377\0005\000.\0007\000.\0003\000.\0001\000\040\000g\000e\000t\000B\000o\000n\000u\000s\000D\000E\000F\000\050\000\051}{subsection.5.7.3}% 97
\BOOKMARK [3][-]{subsubsection.5.7.3.2}{\376\377\0005\000.\0007\000.\0003\000.\0002\000\040\000g\000e\000t\000B\000o\000n\000u\000s\000D\000E\000F\000M\000\050\000\051}{subsection.5.7.3}% 98
\BOOKMARK [3][-]{subsubsection.5.7.3.3}{\376\377\0005\000.\0007\000.\0003\000.\0003\000\040\000g\000e\000t\000B\000o\000n\000u\000s\000D\000M\000G\000\050\000\051}{subsection.5.7.3}% 99
\BOOKMARK [3][-]{subsubsection.5.7.3.4}{\376\377\0005\000.\0007\000.\0003\000.\0004\000\040\000g\000e\000t\000B\000o\000n\000u\000s\000D\000M\000G\000M\000\050\000\051}{subsection.5.7.3}% 100
\BOOKMARK [3][-]{subsubsection.5.7.3.5}{\376\377\0005\000.\0007\000.\0003\000.\0005\000\040\000g\000e\000t\000D\000e\000s\000c\000\050\000\051}{subsection.5.7.3}% 101
\BOOKMARK [3][-]{subsubsection.5.7.3.6}{\376\377\0005\000.\0007\000.\0003\000.\0006\000\040\000g\000e\000t\000H\000e\000a\000l\000\050\000\051}{subsection.5.7.3}% 102
\BOOKMARK [3][-]{subsubsection.5.7.3.7}{\376\377\0005\000.\0007\000.\0003\000.\0007\000\040\000g\000e\000t\000I\000n\000f\000o\000I\000t\000e\000m\000s\000\050\000\051}{subsection.5.7.3}% 103
\BOOKMARK [3][-]{subsubsection.5.7.3.8}{\376\377\0005\000.\0007\000.\0003\000.\0008\000\040\000g\000e\000t\000N\000a\000m\000e\000\050\000\051}{subsection.5.7.3}% 104
\BOOKMARK [3][-]{subsubsection.5.7.3.9}{\376\377\0005\000.\0007\000.\0003\000.\0009\000\040\000g\000e\000t\000T\000y\000p\000e\000\050\000\051}{subsection.5.7.3}% 105
\BOOKMARK [3][-]{subsubsection.5.7.3.10}{\376\377\0005\000.\0007\000.\0003\000.\0001\0000\000\040\000u\000s\000e\000I\000t\000e\000m\000\050\000\051}{subsection.5.7.3}% 106
\BOOKMARK [2][-]{subsection.5.7.4}{\376\377\0005\000.\0007\000.\0004\000\040\000M\000e\000m\000b\000e\000r\000\040\000D\000a\000t\000a\000\040\000D\000o\000c\000u\000m\000e\000n\000t\000a\000t\000i\000o\000n}{section.5.7}% 107
\BOOKMARK [3][-]{subsubsection.5.7.4.1}{\376\377\0005\000.\0007\000.\0004\000.\0001\000\040\000B\000o\000n\000u\000s\000D\000E\000F}{subsection.5.7.4}% 108
\BOOKMARK [3][-]{subsubsection.5.7.4.2}{\376\377\0005\000.\0007\000.\0004\000.\0002\000\040\000B\000o\000n\000u\000s\000D\000E\000F\000M}{subsection.5.7.4}% 109
\BOOKMARK [3][-]{subsubsection.5.7.4.3}{\376\377\0005\000.\0007\000.\0004\000.\0003\000\040\000B\000o\000n\000u\000s\000D\000M\000G}{subsection.5.7.4}% 110
\BOOKMARK [3][-]{subsubsection.5.7.4.4}{\376\377\0005\000.\0007\000.\0004\000.\0004\000\040\000B\000o\000n\000u\000s\000D\000M\000G\000M}{subsection.5.7.4}% 111
\BOOKMARK [3][-]{subsubsection.5.7.4.5}{\376\377\0005\000.\0007\000.\0004\000.\0005\000\040\000D\000e\000s\000c}{subsection.5.7.4}% 112
\BOOKMARK [3][-]{subsubsection.5.7.4.6}{\376\377\0005\000.\0007\000.\0004\000.\0006\000\040\000H\000e\000a\000l}{subsection.5.7.4}% 113
\BOOKMARK [3][-]{subsubsection.5.7.4.7}{\376\377\0005\000.\0007\000.\0004\000.\0007\000\040\000N\000a\000m\000e}{subsection.5.7.4}% 114
\BOOKMARK [3][-]{subsubsection.5.7.4.8}{\376\377\0005\000.\0007\000.\0004\000.\0008\000\040\000T\000y\000p\000e}{subsection.5.7.4}% 115
\BOOKMARK [1][-]{section.5.8}{\376\377\0005\000.\0008\000\040\000P\000l\000a\000y\000e\000r\000\040\000C\000l\000a\000s\000s\000\040\000R\000e\000f\000e\000r\000e\000n\000c\000e}{chapter.5}% 116
\BOOKMARK [2][-]{subsection.5.8.1}{\376\377\0005\000.\0008\000.\0001\000\040\000D\000e\000t\000a\000i\000l\000e\000d\000\040\000D\000e\000s\000c\000r\000i\000p\000t\000i\000o\000n}{section.5.8}% 117
\BOOKMARK [2][-]{subsection.5.8.2}{\376\377\0005\000.\0008\000.\0002\000\040\000C\000o\000n\000s\000t\000r\000u\000c\000t\000o\000r\000\040\000\046\000\040\000D\000e\000s\000t\000r\000u\000c\000t\000o\000r\000\040\000D\000o\000c\000u\000m\000e\000n\000t\000a\000t\000i\000o\000n}{section.5.8}% 118
\BOOKMARK [3][-]{subsubsection.5.8.2.1}{\376\377\0005\000.\0008\000.\0002\000.\0001\000\040\000P\000l\000a\000y\000e\000r\000\050\000\051\000\040\000[\0001\000/\0002\000]}{subsection.5.8.2}% 119
\BOOKMARK [3][-]{subsubsection.5.8.2.2}{\376\377\0005\000.\0008\000.\0002\000.\0002\000\040\000P\000l\000a\000y\000e\000r\000\050\000\051\000\040\000[\0002\000/\0002\000]}{subsection.5.8.2}% 120
\BOOKMARK [3][-]{subsubsection.5.8.2.3}{\376\377\0005\000.\0008\000.\0002\000.\0003\000\040\000\040\000P\000l\000a\000y\000e\000r\000\050\000\051}{subsection.5.8.2}% 121
\BOOKMARK [2][-]{subsection.5.8.3}{\376\377\0005\000.\0008\000.\0003\000\040\000M\000e\000m\000b\000e\000r\000\040\000F\000u\000n\000c\000t\000i\000o\000n\000\040\000D\000o\000c\000u\000m\000e\000n\000t\000a\000t\000i\000o\000n}{section.5.8}% 122
\BOOKMARK [3][-]{subsubsection.5.8.3.1}{\376\377\0005\000.\0008\000.\0003\000.\0001\000\040\000a\000t\000t\000a\000c\000k\000E\000n\000e\000m\000y\000\050\000\051\000\040\000[\0001\000/\0002\000]}{subsection.5.8.3}% 123
\BOOKMARK [3][-]{subsubsection.5.8.3.2}{\376\377\0005\000.\0008\000.\0003\000.\0002\000\040\000a\000t\000t\000a\000c\000k\000E\000n\000e\000m\000y\000\050\000\051\000\040\000[\0002\000/\0002\000]}{subsection.5.8.3}% 124
\BOOKMARK [3][-]{subsubsection.5.8.3.3}{\376\377\0005\000.\0008\000.\0003\000.\0003\000\040\000g\000e\000t\000G\000o\000l\000d\000\050\000\051}{subsection.5.8.3}% 125
\BOOKMARK [3][-]{subsubsection.5.8.3.4}{\376\377\0005\000.\0008\000.\0003\000.\0004\000\040\000g\000e\000t\000I\000n\000f\000o\000E\000n\000t\000i\000t\000y\000\050\000\051}{subsection.5.8.3}% 126
\BOOKMARK [3][-]{subsubsection.5.8.3.5}{\376\377\0005\000.\0008\000.\0003\000.\0005\000\040\000g\000e\000t\000S\000t\000o\000r\000a\000g\000e\000T\000y\000p\000e\000\050\000\051}{subsection.5.8.3}% 127
\BOOKMARK [3][-]{subsubsection.5.8.3.6}{\376\377\0005\000.\0008\000.\0003\000.\0006\000\040\000H\000e\000a\000l\000\050\000\051}{subsection.5.8.3}% 128
\BOOKMARK [1][-]{section.5.9}{\376\377\0005\000.\0009\000\040\000S\000t\000o\000r\000a\000g\000e\000\040\000C\000l\000a\000s\000s\000\040\000R\000e\000f\000e\000r\000e\000n\000c\000e}{chapter.5}% 129
\BOOKMARK [2][-]{subsection.5.9.1}{\376\377\0005\000.\0009\000.\0001\000\040\000D\000e\000t\000a\000i\000l\000e\000d\000\040\000D\000e\000s\000c\000r\000i\000p\000t\000i\000o\000n}{section.5.9}% 130
\BOOKMARK [2][-]{subsection.5.9.2}{\376\377\0005\000.\0009\000.\0002\000\040\000C\000o\000n\000s\000t\000r\000u\000c\000t\000o\000r\000\040\000\046\000\040\000D\000e\000s\000t\000r\000u\000c\000t\000o\000r\000\040\000D\000o\000c\000u\000m\000e\000n\000t\000a\000t\000i\000o\000n}{section.5.9}% 131
\BOOKMARK [3][-]{subsubsection.5.9.2.1}{\376\377\0005\000.\0009\000.\0002\000.\0001\000\040\000S\000t\000o\000r\000a\000g\000e\000\050\000\051\000\040\000[\0001\000/\0002\000]}{subsection.5.9.2}% 132
\BOOKMARK [3][-]{subsubsection.5.9.2.2}{\376\377\0005\000.\0009\000.\0002\000.\0002\000\040\000S\000t\000o\000r\000a\000g\000e\000\050\000\051\000\040\000[\0002\000/\0002\000]}{subsection.5.9.2}% 133
\BOOKMARK [3][-]{subsubsection.5.9.2.3}{\376\377\0005\000.\0009\000.\0002\000.\0003\000\040\000\040\000S\000t\000o\000r\000a\000g\000e\000\050\000\051}{subsection.5.9.2}% 134
\BOOKMARK [2][-]{subsection.5.9.3}{\376\377\0005\000.\0009\000.\0003\000\040\000M\000e\000m\000b\000e\000r\000\040\000F\000u\000n\000c\000t\000i\000o\000n\000\040\000D\000o\000c\000u\000m\000e\000n\000t\000a\000t\000i\000o\000n}{section.5.9}% 135
\BOOKMARK [3][-]{subsubsection.5.9.3.1}{\376\377\0005\000.\0009\000.\0003\000.\0001\000\040\000a\000d\000d\000\050\000\051}{subsection.5.9.3}% 136
\BOOKMARK [3][-]{subsubsection.5.9.3.2}{\376\377\0005\000.\0009\000.\0003\000.\0002\000\040\000c\000l\000e\000a\000r\000\050\000\051}{subsection.5.9.3}% 137
\BOOKMARK [3][-]{subsubsection.5.9.3.3}{\376\377\0005\000.\0009\000.\0003\000.\0003\000\040\000g\000e\000t\000D\000e\000s\000c\000r\000i\000p\000t\000i\000o\000n\000\050\000\051}{subsection.5.9.3}% 138
\BOOKMARK [3][-]{subsubsection.5.9.3.4}{\376\377\0005\000.\0009\000.\0003\000.\0004\000\040\000g\000e\000t\000I\000n\000f\000o\000\050\000\051}{subsection.5.9.3}% 139
\BOOKMARK [3][-]{subsubsection.5.9.3.5}{\376\377\0005\000.\0009\000.\0003\000.\0005\000\040\000g\000e\000t\000I\000n\000f\000o\000I\000t\000e\000m\000s\000\050\000\051\000\040\000[\0001\000/\0002\000]}{subsection.5.9.3}% 140
\BOOKMARK [3][-]{subsubsection.5.9.3.6}{\376\377\0005\000.\0009\000.\0003\000.\0006\000\040\000g\000e\000t\000I\000n\000f\000o\000I\000t\000e\000m\000s\000\050\000\051\000\040\000[\0002\000/\0002\000]}{subsection.5.9.3}% 141
\BOOKMARK [3][-]{subsubsection.5.9.3.7}{\376\377\0005\000.\0009\000.\0003\000.\0007\000\040\000g\000e\000t\000I\000n\000f\000o\000I\000t\000e\000m\000s\000A\000l\000l\000\050\000\051\000\040\000[\0001\000/\0002\000]}{subsection.5.9.3}% 142
\BOOKMARK [3][-]{subsubsection.5.9.3.8}{\376\377\0005\000.\0009\000.\0003\000.\0008\000\040\000g\000e\000t\000I\000n\000f\000o\000I\000t\000e\000m\000s\000A\000l\000l\000\050\000\051\000\040\000[\0002\000/\0002\000]}{subsection.5.9.3}% 143
\BOOKMARK [3][-]{subsubsection.5.9.3.9}{\376\377\0005\000.\0009\000.\0003\000.\0009\000\040\000g\000e\000t\000I\000n\000f\000o\000I\000t\000e\000m\000s\000U\000s\000e\000\050\000\051\000\040\000[\0001\000/\0002\000]}{subsection.5.9.3}% 144
\BOOKMARK [3][-]{subsubsection.5.9.3.10}{\376\377\0005\000.\0009\000.\0003\000.\0001\0000\000\040\000g\000e\000t\000I\000n\000f\000o\000I\000t\000e\000m\000s\000U\000s\000e\000\050\000\051\000\040\000[\0002\000/\0002\000]}{subsection.5.9.3}% 145
\BOOKMARK [3][-]{subsubsection.5.9.3.11}{\376\377\0005\000.\0009\000.\0003\000.\0001\0001\000\040\000g\000e\000t\000I\000t\000e\000m\000s\000\050\000\051}{subsection.5.9.3}% 146
\BOOKMARK [3][-]{subsubsection.5.9.3.12}{\376\377\0005\000.\0009\000.\0003\000.\0001\0002\000\040\000g\000e\000t\000M\000a\000x\000S\000i\000z\000e\000\050\000\051}{subsection.5.9.3}% 147
\BOOKMARK [3][-]{subsubsection.5.9.3.13}{\376\377\0005\000.\0009\000.\0003\000.\0001\0003\000\040\000g\000e\000t\000N\000a\000m\000e\000\050\000\051}{subsection.5.9.3}% 148
\BOOKMARK [3][-]{subsubsection.5.9.3.14}{\376\377\0005\000.\0009\000.\0003\000.\0001\0004\000\040\000g\000e\000t\000S\000i\000z\000e\000\050\000\051}{subsection.5.9.3}% 149
\BOOKMARK [3][-]{subsubsection.5.9.3.15}{\376\377\0005\000.\0009\000.\0003\000.\0001\0005\000\040\000i\000s\000T\000h\000e\000r\000e\000U\000p\000g\000r\000a\000d\000e\000\050\000\051}{subsection.5.9.3}% 150
\BOOKMARK [3][-]{subsubsection.5.9.3.16}{\376\377\0005\000.\0009\000.\0003\000.\0001\0006\000\040\000o\000p\000e\000r\000a\000t\000o\000r\000[\000]\000\050\000\051\000\040\000[\0001\000/\0002\000]}{subsection.5.9.3}% 151
\BOOKMARK [3][-]{subsubsection.5.9.3.17}{\376\377\0005\000.\0009\000.\0003\000.\0001\0007\000\040\000o\000p\000e\000r\000a\000t\000o\000r\000[\000]\000\050\000\051\000\040\000[\0002\000/\0002\000]}{subsection.5.9.3}% 152
\BOOKMARK [3][-]{subsubsection.5.9.3.18}{\376\377\0005\000.\0009\000.\0003\000.\0001\0008\000\040\000r\000e\000m\000o\000v\000e\000\050\000\051}{subsection.5.9.3}% 153
\BOOKMARK [3][-]{subsubsection.5.9.3.19}{\376\377\0005\000.\0009\000.\0003\000.\0001\0009\000\040\000s\000e\000t\000M\000a\000x\000S\000i\000z\000e\000\050\000\051}{subsection.5.9.3}% 154
\BOOKMARK [2][-]{subsection.5.9.4}{\376\377\0005\000.\0009\000.\0004\000\040\000M\000e\000m\000b\000e\000r\000\040\000D\000a\000t\000a\000\040\000D\000o\000c\000u\000m\000e\000n\000t\000a\000t\000i\000o\000n}{section.5.9}% 155
\BOOKMARK [3][-]{subsubsection.5.9.4.1}{\376\377\0005\000.\0009\000.\0004\000.\0001\000\040\000D\000e\000s\000c}{subsection.5.9.4}% 156
\BOOKMARK [3][-]{subsubsection.5.9.4.2}{\376\377\0005\000.\0009\000.\0004\000.\0002\000\040\000I\000t\000e\000m\000s}{subsection.5.9.4}% 157
\BOOKMARK [3][-]{subsubsection.5.9.4.3}{\376\377\0005\000.\0009\000.\0004\000.\0003\000\040\000M\000a\000x\000S\000i\000z\000e}{subsection.5.9.4}% 158
\BOOKMARK [3][-]{subsubsection.5.9.4.4}{\376\377\0005\000.\0009\000.\0004\000.\0004\000\040\000N\000a\000m\000e}{subsection.5.9.4}% 159
\BOOKMARK [1][-]{section.5.10}{\376\377\0005\000.\0001\0000\000\040\000S\000t\000r\000i\000n\000g\000\040\000C\000l\000a\000s\000s\000\040\000R\000e\000f\000e\000r\000e\000n\000c\000e}{chapter.5}% 160
\BOOKMARK [2][-]{subsection.5.10.1}{\376\377\0005\000.\0001\0000\000.\0001\000\040\000D\000e\000t\000a\000i\000l\000e\000d\000\040\000D\000e\000s\000c\000r\000i\000p\000t\000i\000o\000n}{section.5.10}% 161
\BOOKMARK [2][-]{subsection.5.10.2}{\376\377\0005\000.\0001\0000\000.\0002\000\040\000C\000o\000n\000s\000t\000r\000u\000c\000t\000o\000r\000\040\000\046\000\040\000D\000e\000s\000t\000r\000u\000c\000t\000o\000r\000\040\000D\000o\000c\000u\000m\000e\000n\000t\000a\000t\000i\000o\000n}{section.5.10}% 162
\BOOKMARK [3][-]{subsubsection.5.10.2.1}{\376\377\0005\000.\0001\0000\000.\0002\000.\0001\000\040\000S\000t\000r\000i\000n\000g\000\050\000\051\000\040\000[\0001\000/\0003\000]}{subsection.5.10.2}% 163
\BOOKMARK [3][-]{subsubsection.5.10.2.2}{\376\377\0005\000.\0001\0000\000.\0002\000.\0002\000\040\000S\000t\000r\000i\000n\000g\000\050\000\051\000\040\000[\0002\000/\0003\000]}{subsection.5.10.2}% 164
\BOOKMARK [3][-]{subsubsection.5.10.2.3}{\376\377\0005\000.\0001\0000\000.\0002\000.\0003\000\040\000S\000t\000r\000i\000n\000g\000\050\000\051\000\040\000[\0003\000/\0003\000]}{subsection.5.10.2}% 165
\BOOKMARK [3][-]{subsubsection.5.10.2.4}{\376\377\0005\000.\0001\0000\000.\0002\000.\0004\000\040\000\040\000S\000t\000r\000i\000n\000g\000\050\000\051}{subsection.5.10.2}% 166
\BOOKMARK [2][-]{subsection.5.10.3}{\376\377\0005\000.\0001\0000\000.\0003\000\040\000M\000e\000m\000b\000e\000r\000\040\000F\000u\000n\000c\000t\000i\000o\000n\000\040\000D\000o\000c\000u\000m\000e\000n\000t\000a\000t\000i\000o\000n}{section.5.10}% 167
\BOOKMARK [3][-]{subsubsection.5.10.3.1}{\376\377\0005\000.\0001\0000\000.\0003\000.\0001\000\040\000g\000e\000t\000S\000i\000z\000e\000\050\000\051}{subsection.5.10.3}% 168
\BOOKMARK [3][-]{subsubsection.5.10.3.2}{\376\377\0005\000.\0001\0000\000.\0003\000.\0002\000\040\000g\000e\000t\000S\000t\000r\000\050\000\051}{subsection.5.10.3}% 169
\BOOKMARK [3][-]{subsubsection.5.10.3.3}{\376\377\0005\000.\0001\0000\000.\0003\000.\0003\000\040\000o\000p\000e\000r\000a\000t\000o\000r\000+\000\050\000\051\000\040\000[\0001\000/\0002\000]}{subsection.5.10.3}% 170
\BOOKMARK [3][-]{subsubsection.5.10.3.4}{\376\377\0005\000.\0001\0000\000.\0003\000.\0004\000\040\000o\000p\000e\000r\000a\000t\000o\000r\000+\000\050\000\051\000\040\000[\0002\000/\0002\000]}{subsection.5.10.3}% 171
\BOOKMARK [3][-]{subsubsection.5.10.3.5}{\376\377\0005\000.\0001\0000\000.\0003\000.\0005\000\040\000o\000p\000e\000r\000a\000t\000o\000r\000+\000=\000\050\000\051}{subsection.5.10.3}% 172
\BOOKMARK [3][-]{subsubsection.5.10.3.6}{\376\377\0005\000.\0001\0000\000.\0003\000.\0006\000\040\000o\000p\000e\000r\000a\000t\000o\000r\000=\000\050\000\051\000\040\000[\0001\000/\0002\000]}{subsection.5.10.3}% 173
\BOOKMARK [3][-]{subsubsection.5.10.3.7}{\376\377\0005\000.\0001\0000\000.\0003\000.\0007\000\040\000o\000p\000e\000r\000a\000t\000o\000r\000=\000\050\000\051\000\040\000[\0002\000/\0002\000]}{subsection.5.10.3}% 174
\BOOKMARK [1][-]{section.5.11}{\376\377\0005\000.\0001\0001\000\040\000g\000t\000e\000s\000t\000\137\000l\000i\000t\000e\000:\000:\000T\000e\000s\000t\000\040\000S\000t\000r\000u\000c\000t\000\040\000R\000e\000f\000e\000r\000e\000n\000c\000e}{chapter.5}% 175
\BOOKMARK [2][-]{subsection.5.11.1}{\376\377\0005\000.\0001\0001\000.\0001\000\040\000D\000e\000t\000a\000i\000l\000e\000d\000\040\000D\000e\000s\000c\000r\000i\000p\000t\000i\000o\000n}{section.5.11}% 176
\BOOKMARK [2][-]{subsection.5.11.2}{\376\377\0005\000.\0001\0001\000.\0002\000\040\000C\000o\000n\000s\000t\000r\000u\000c\000t\000o\000r\000\040\000\046\000\040\000D\000e\000s\000t\000r\000u\000c\000t\000o\000r\000\040\000D\000o\000c\000u\000m\000e\000n\000t\000a\000t\000i\000o\000n}{section.5.11}% 177
\BOOKMARK [3][-]{subsubsection.5.11.2.1}{\376\377\0005\000.\0001\0001\000.\0002\000.\0001\000\040\000\040\000T\000e\000s\000t\000\050\000\051}{subsection.5.11.2}% 178
\BOOKMARK [2][-]{subsection.5.11.3}{\376\377\0005\000.\0001\0001\000.\0003\000\040\000M\000e\000m\000b\000e\000r\000\040\000F\000u\000n\000c\000t\000i\000o\000n\000\040\000D\000o\000c\000u\000m\000e\000n\000t\000a\000t\000i\000o\000n}{section.5.11}% 179
\BOOKMARK [3][-]{subsubsection.5.11.3.1}{\376\377\0005\000.\0001\0001\000.\0003\000.\0001\000\040\000b\000e\000g\000i\000n\000\050\000\051}{subsection.5.11.3}% 180
\BOOKMARK [3][-]{subsubsection.5.11.3.2}{\376\377\0005\000.\0001\0001\000.\0003\000.\0002\000\040\000e\000n\000d\000\050\000\051}{subsection.5.11.3}% 181
\BOOKMARK [3][-]{subsubsection.5.11.3.3}{\376\377\0005\000.\0001\0001\000.\0003\000.\0003\000\040\000e\000x\000p\000e\000c\000t\000\050\000\051}{subsection.5.11.3}% 182
\BOOKMARK [3][-]{subsubsection.5.11.3.4}{\376\377\0005\000.\0001\0001\000.\0003\000.\0004\000\040\000f\000a\000i\000l\000\050\000\051}{subsection.5.11.3}% 183
\BOOKMARK [3][-]{subsubsection.5.11.3.5}{\376\377\0005\000.\0001\0001\000.\0003\000.\0005\000\040\000g\000e\000t\000T\000e\000s\000t\000\050\000\051}{subsection.5.11.3}% 184
\BOOKMARK [2][-]{subsection.5.11.4}{\376\377\0005\000.\0001\0001\000.\0004\000\040\000M\000e\000m\000b\000e\000r\000\040\000D\000a\000t\000a\000\040\000D\000o\000c\000u\000m\000e\000n\000t\000a\000t\000i\000o\000n}{section.5.11}% 185
\BOOKMARK [3][-]{subsubsection.5.11.4.1}{\376\377\0005\000.\0001\0001\000.\0004\000.\0001\000\040\000a\000b\000l\000o\000c\000k\000s}{subsection.5.11.4}% 186
\BOOKMARK [3][-]{subsubsection.5.11.4.2}{\376\377\0005\000.\0001\0001\000.\0004\000.\0002\000\040\000f\000a\000i\000l\000e\000d}{subsection.5.11.4}% 187
\BOOKMARK [3][-]{subsubsection.5.11.4.3}{\376\377\0005\000.\0001\0001\000.\0004\000.\0003\000\040\000n\000a\000m\000e}{subsection.5.11.4}% 188
\BOOKMARK [3][-]{subsubsection.5.11.4.4}{\376\377\0005\000.\0001\0001\000.\0004\000.\0004\000\040\000n\000u\000l\000l}{subsection.5.11.4}% 189
\BOOKMARK [3][-]{subsubsection.5.11.4.5}{\376\377\0005\000.\0001\0001\000.\0004\000.\0005\000\040\000s\000t\000a\000t\000u\000s}{subsection.5.11.4}% 190
\BOOKMARK [3][-]{subsubsection.5.11.4.6}{\376\377\0005\000.\0001\0001\000.\0004\000.\0006\000\040\000s\000u\000m}{subsection.5.11.4}% 191
\BOOKMARK [3][-]{subsubsection.5.11.4.7}{\376\377\0005\000.\0001\0001\000.\0004\000.\0007\000\040\000t\000m\000p}{subsection.5.11.4}% 192
\BOOKMARK [0][-]{section*.89}{\376\377\000I\000n\000d\000e\000x}{}% 193
